[synth100] Run: 386273f4-8caf-5534-a13f-f6e75d95e412:train:0
[synth100]   1/100 | loss=-9.3115 | reward=0.375
[synth100]   2/100 | loss=-10.7241 | reward=0.412
[synth100]   3/100 | loss=-11.9122 | reward=0.500
[synth100]   4/100 | loss=-3.3555 | reward=0.625
[synth100]   5/100 | loss=0.0000 | reward=0.500
[synth100]   6/100 | loss=-6.3316 | reward=0.750
[synth100]   7/100 | loss=-8.1146 | reward=0.625
[synth100]   8/100 | loss=-7.1418 | reward=0.750
[synth100]   9/100 | loss=-7.6052 | reward=0.250
[synth100]  10/100 | loss=0.0000 | reward=0.500
[synth100]  11/100 | loss=-9.0461 | reward=0.375
[synth100]  12/100 | loss=0.0000 | reward=0.000
[synth100]  13/100 | loss=-11.3389 | reward=0.625
[synth100]  14/100 | loss=-21.0007 | reward=0.500
[synth100]  15/100 | loss=-14.2558 | reward=0.125
[synth100]  16/100 | loss=-15.0931 | reward=0.875
[synth100]  17/100 | loss=0.0000 | reward=0.500
[synth100]  18/100 | loss=-17.2486 | reward=0.250
[synth100]  19/100 | loss=-15.3750 | reward=0.125
[synth100]  20/100 | loss=-30.1990 | reward=0.625
[synth100]  21/100 | loss=0.0000 | reward=0.500
[synth100]  22/100 | loss=-12.6252 | reward=0.375
[synth100]  23/100 | loss=-27.7896 | reward=0.537
[synth100]  24/100 | loss=-31.3130 | reward=0.250
[synth100]  25/100 | loss=-14.1794 | reward=0.125
[synth100]   -> ckpt s25
[synth100]  26/100 | loss=-26.3665 | reward=0.375
[synth100]  27/100 | loss=-25.3736 | reward=0.375
[synth100]  28/100 | loss=-21.2428 | reward=0.537
[synth100]  29/100 | loss=0.0000 | reward=1.000
[synth100]  30/100 | loss=-13.5794 | reward=0.875
[synth100]  31/100 | loss=-9.5821 | reward=0.125
[synth100]  32/100 | loss=-7.8161 | reward=0.750
[synth100]  33/100 | loss=-16.0054 | reward=0.750
[synth100]  34/100 | loss=-17.5377 | reward=0.875
[synth100]  35/100 | loss=0.0000 | reward=0.500
[synth100]  36/100 | loss=-14.6930 | reward=0.750
[synth100]  37/100 | loss=0.0000 | reward=1.000
[synth100]  38/100 | loss=-15.6110 | reward=0.375
[synth100]  39/100 | loss=-16.7759 | reward=0.875
[synth100]  40/100 | loss=0.0000 | reward=0.500
[synth100]  41/100 | loss=-28.0359 | reward=0.375
[synth100]  42/100 | loss=-18.6328 | reward=0.875
[synth100]  43/100 | loss=-14.5914 | reward=0.787
[synth100]  44/100 | loss=0.0000 | reward=0.500
[synth100]  45/100 | loss=0.0000 | reward=0.500
[synth100]  46/100 | loss=0.0000 | reward=1.000
[synth100]  47/100 | loss=0.0000 | reward=0.000
[synth100]  48/100 | loss=-16.4118 | reward=0.875
[synth100]  49/100 | loss=0.0000 | reward=0.500
[synth100]  50/100 | loss=0.0000 | reward=0.500
[synth100]   -> ckpt s50
[synth100]  51/100 | loss=0.0000 | reward=0.500
[synth100]  52/100 | loss=0.0000 | reward=1.000
[synth100]  53/100 | loss=0.0000 | reward=0.500
[synth100]  54/100 | loss=0.0000 | reward=1.000
[synth100]  55/100 | loss=0.0000 | reward=0.500
[synth100]  56/100 | loss=0.0000 | reward=0.500
[synth100]  57/100 | loss=0.0000 | reward=0.500
[synth100]  58/100 | loss=-10.9433 | reward=0.875
[synth100]  59/100 | loss=-14.7267 | reward=0.625
[synth100]  60/100 | loss=0.0000 | reward=1.000
[synth100]  61/100 | loss=0.0000 | reward=1.000
[synth100]  62/100 | loss=0.0000 | reward=1.000
[synth100]  63/100 | loss=0.0000 | reward=1.000
[synth100]  64/100 | loss=-14.5418 | reward=0.625
[synth100]  65/100 | loss=-13.9480 | reward=0.875
[synth100]  66/100 | loss=-11.6994 | reward=0.875
[synth100]  67/100 | loss=0.0000 | reward=1.000
[synth100]  68/100 | loss=0.0000 | reward=0.500
[synth100]  69/100 | loss=-20.2654 | reward=0.625
[synth100]  70/100 | loss=0.0000 | reward=1.000
[synth100]  71/100 | loss=0.0000 | reward=1.000
[synth100]  72/100 | loss=0.0000 | reward=1.000
[synth100]  73/100 | loss=0.0000 | reward=1.000
[synth100]  74/100 | loss=0.0000 | reward=1.000
[synth100]  75/100 | loss=0.0000 | reward=1.000
[synth100]   -> ckpt s75
[synth100]  76/100 | loss=-20.9807 | reward=0.375
[synth100]  77/100 | loss=0.0000 | reward=1.000
[synth100]  78/100 | loss=0.0000 | reward=1.000
[synth100]  79/100 | loss=0.0000 | reward=1.000
[synth100]  80/100 | loss=0.0000 | reward=1.000
[synth100]  81/100 | loss=0.0000 | reward=1.000
[synth100]  82/100 | loss=0.0000 | reward=1.000
[synth100]  83/100 | loss=-11.7337 | reward=0.875
[synth100]  84/100 | loss=0.0000 | reward=1.000
[synth100]  85/100 | loss=0.0000 | reward=1.000
[synth100]  86/100 | loss=0.0000 | reward=1.000
[synth100]  87/100 | loss=0.0000 | reward=1.000
[synth100]  88/100 | loss=0.0000 | reward=1.000
[synth100]  89/100 | loss=-15.4076 | reward=0.875
[synth100]  90/100 | loss=0.0000 | reward=0.500
[synth100]  91/100 | loss=0.0000 | reward=0.500
[synth100]  92/100 | loss=0.0000 | reward=1.000
[synth100]  93/100 | loss=0.0000 | reward=1.000
[synth100]  94/100 | loss=0.0000 | reward=1.000
[synth100]  95/100 | loss=0.0000 | reward=1.000
[synth100]  96/100 | loss=-18.5447 | reward=0.875
[synth100]  97/100 | loss=-20.9000 | reward=0.625
[synth100]  98/100 | loss=0.0000 | reward=1.000
[synth100]  99/100 | loss=0.0000 | reward=0.500
[synth100] 100/100 | loss=-24.5429 | reward=0.750
[synth100]   -> ckpt s100

[synth100] DONE | last10=0.825 | run=386273f4-8caf-5534-a13f-f6e75d95e412:train:0 | path=tinker://386273f4-8caf-5534-a13f-f6e75d95e412:train:0/sampler_weights/final
