[math100] 800 examples, 40 unique problems
[math100] Connecting...
[math100] Run: 1b01abef-0dc8-537f-a6f0-ff74056e0199:train:0
[math100]   1/100 | loss=-0.5276 | reward=0.237
[math100]   2/100 | loss=-4.9768 | reward=0.150
[math100]   3/100 | loss=0.0000 | reward=0.300
[math100]   4/100 | loss=3.3186 | reward=0.088
[math100]   5/100 | loss=-3.0345 | reward=0.250
[math100]   6/100 | loss=-0.4982 | reward=0.150
[math100]   7/100 | loss=-2.2355 | reward=0.450
[math100]   8/100 | loss=-6.7761 | reward=0.450
[math100]   9/100 | loss=0.0000 | reward=0.500
[math100]  10/100 | loss=0.0000 | reward=0.100
[math100]  11/100 | loss=0.0000 | reward=0.300
[math100]  12/100 | loss=0.0000 | reward=0.500
[math100]  13/100 | loss=0.0000 | reward=0.300
[math100]  14/100 | loss=0.0000 | reward=0.100
[math100]  15/100 | loss=0.0000 | reward=0.500
[math100]  16/100 | loss=0.7092 | reward=0.225
[math100]  17/100 | loss=0.0000 | reward=0.300
[math100]  18/100 | loss=0.0000 | reward=0.300
[math100]  19/100 | loss=0.0000 | reward=0.300
[math100]  20/100 | loss=-2.2577 | reward=0.375
[math100]  21/100 | loss=0.9259 | reward=0.388
[math100]  22/100 | loss=0.0000 | reward=0.300
[math100]  23/100 | loss=-2.0945 | reward=0.388
[math100]  24/100 | loss=0.0000 | reward=0.300
[math100]  25/100 | loss=0.3540 | reward=0.250
[math100]   -> ckpt s25
[math100]  26/100 | loss=0.1688 | reward=0.400
[math100]  27/100 | loss=-1.2750 | reward=0.450
[math100]  28/100 | loss=-2.2724 | reward=0.150
[math100]  29/100 | loss=0.9876 | reward=0.438
[math100]  30/100 | loss=0.0000 | reward=0.300
[math100]  31/100 | loss=1.0017 | reward=0.150
[math100]  32/100 | loss=0.0000 | reward=0.300
[math100]  33/100 | loss=-2.6842 | reward=0.287
[math100]  34/100 | loss=0.3707 | reward=0.275
[math100]  35/100 | loss=0.0000 | reward=0.500
[math100]  36/100 | loss=0.0000 | reward=0.300
[math100]  37/100 | loss=0.0000 | reward=0.500
[math100]  38/100 | loss=0.0000 | reward=0.100
[math100]  39/100 | loss=-0.7177 | reward=0.088
[math100]  40/100 | loss=2.6158 | reward=0.300
[math100]  41/100 | loss=0.0000 | reward=0.500
[math100]  42/100 | loss=-0.2845 | reward=0.438
[math100]  43/100 | loss=0.0000 | reward=0.300
[math100]  44/100 | loss=0.0676 | reward=0.287
[math100]  45/100 | loss=-4.3719 | reward=0.237
[math100]  46/100 | loss=1.0653 | reward=0.287
[math100]  47/100 | loss=0.0000 | reward=0.500
[math100]  48/100 | loss=0.0000 | reward=0.300
[math100]  49/100 | loss=0.0000 | reward=0.300
[math100]  50/100 | loss=0.0000 | reward=0.500
[math100]   -> ckpt s50
[math100]  51/100 | loss=0.0000 | reward=0.100
[math100]  52/100 | loss=0.0000 | reward=0.300
[math100]  53/100 | loss=0.0000 | reward=0.300
[math100]  54/100 | loss=0.0000 | reward=0.100
[math100]  55/100 | loss=0.0000 | reward=0.100
[math100]  56/100 | loss=0.0000 | reward=0.300
[math100]  57/100 | loss=0.2661 | reward=0.350
[math100]  58/100 | loss=0.0000 | reward=0.500
[math100]  59/100 | loss=-1.9799 | reward=0.088
[math100]  60/100 | loss=-2.5869 | reward=0.225
[math100]  61/100 | loss=0.0000 | reward=0.300
[math100]  62/100 | loss=0.0000 | reward=0.300
[math100]  63/100 | loss=0.0000 | reward=0.300
[math100]  64/100 | loss=1.1188 | reward=0.350
[math100]  65/100 | loss=0.0000 | reward=0.300
[math100]  66/100 | loss=0.0000 | reward=0.100
[math100]  67/100 | loss=1.5871 | reward=0.350
[math100]  68/100 | loss=2.6811 | reward=0.287
[math100]  69/100 | loss=0.0000 | reward=0.300
[math100]  70/100 | loss=-7.0657 | reward=0.150
[math100]  71/100 | loss=0.0000 | reward=0.300
[math100]  72/100 | loss=0.0000 | reward=0.100
[math100]  73/100 | loss=0.0000 | reward=0.300
[math100]  74/100 | loss=-0.2834 | reward=0.388
[math100]  75/100 | loss=0.0000 | reward=0.500
[math100]   -> ckpt s75
[math100]  76/100 | loss=0.0000 | reward=0.300
[math100]  77/100 | loss=2.7348 | reward=0.088
[math100]  78/100 | loss=0.8194 | reward=0.350
[math100]  79/100 | loss=0.0000 | reward=0.100
[math100]  80/100 | loss=0.0000 | reward=0.300
[math100]  81/100 | loss=-1.5928 | reward=0.350
[math100]  82/100 | loss=0.0000 | reward=0.500
[math100]  83/100 | loss=0.0000 | reward=0.500
[math100]  84/100 | loss=0.0000 | reward=0.100
[math100]  85/100 | loss=-2.9317 | reward=0.350
[math100]  86/100 | loss=1.3568 | reward=0.200
[math100]  87/100 | loss=0.6148 | reward=0.088
[math100]  88/100 | loss=0.0000 | reward=0.300
[math100]  89/100 | loss=3.5718 | reward=0.287
[math100]  90/100 | loss=0.0000 | reward=0.300
[math100]  91/100 | loss=2.8888 | reward=0.138
[math100]  92/100 | loss=1.1841 | reward=0.237
[math100]  93/100 | loss=-2.1102 | reward=0.088
[math100]  94/100 | loss=0.0000 | reward=0.500
[math100]  95/100 | loss=-2.7113 | reward=0.225
[math100]  96/100 | loss=0.0000 | reward=0.300
[math100]  97/100 | loss=0.0000 | reward=0.300
[math100]  98/100 | loss=-2.7373 | reward=0.250
[math100]  99/100 | loss=0.0000 | reward=0.300
[math100] 100/100 | loss=0.0000 | reward=0.300
[math100]   -> ckpt s100

[math100] DONE | last10=0.264 | run=1b01abef-0dc8-537f-a6f0-ff74056e0199:train:0 | path=tinker://1b01abef-0dc8-537f-a6f0-ff74056e0199:train:0/sampler_weights/final
