[xlam100] Loading xlam-60k...
[xlam100] 3000 examples
[xlam100] Run: f63b618c-8fa5-57cb-9177-57538114d3cf:train:0
[xlam100]   1/100 | loss=0.0000 | reward=0.000
[xlam100]   2/100 | loss=0.0000 | reward=0.000
[xlam100]   3/100 | loss=0.0000 | reward=0.000
[xlam100]   4/100 | loss=-3.4894 | reward=0.250
[xlam100]   5/100 | loss=0.0000 | reward=0.000
[xlam100]   6/100 | loss=0.0000 | reward=0.000
[xlam100]   7/100 | loss=0.0000 | reward=0.000
[xlam100]   8/100 | loss=0.0000 | reward=0.000
[xlam100]   9/100 | loss=0.0000 | reward=0.000
[xlam100]  10/100 | loss=0.0000 | reward=0.000
[xlam100]  11/100 | loss=0.0000 | reward=0.000
[xlam100]  12/100 | loss=0.0000 | reward=0.000
[xlam100]  13/100 | loss=0.0000 | reward=0.000
[xlam100]  14/100 | loss=0.0000 | reward=0.000
[xlam100]  15/100 | loss=0.0000 | reward=0.000
[xlam100]  16/100 | loss=0.0000 | reward=0.000
[xlam100]  17/100 | loss=0.0000 | reward=0.000
[xlam100]  18/100 | loss=0.0000 | reward=0.000
[xlam100]  19/100 | loss=0.0000 | reward=0.000
[xlam100]  20/100 | loss=0.0000 | reward=0.000
[xlam100]  21/100 | loss=0.0000 | reward=0.000
[xlam100]  22/100 | loss=0.0000 | reward=0.000
[xlam100]  23/100 | loss=-1.1400 | reward=0.037
[xlam100]  24/100 | loss=0.0000 | reward=0.000
[xlam100]  25/100 | loss=0.0000 | reward=0.000
[xlam100]   -> ckpt s25
[xlam100]  26/100 | loss=0.0000 | reward=0.000
[xlam100]  27/100 | loss=-4.8210 | reward=0.163
[xlam100]  28/100 | loss=-3.3723 | reward=0.375
[xlam100]  29/100 | loss=0.0000 | reward=0.000
[xlam100]  30/100 | loss=0.0000 | reward=0.000
[xlam100]  31/100 | loss=0.0000 | reward=0.000
[xlam100]  32/100 | loss=0.0000 | reward=0.000
[xlam100]  33/100 | loss=2.3074 | reward=0.037
[xlam100]  34/100 | loss=0.0000 | reward=0.000
[xlam100]  35/100 | loss=0.0000 | reward=0.000
[xlam100]  36/100 | loss=0.0000 | reward=0.000
[xlam100]  37/100 | loss=0.0000 | reward=0.000
[xlam100]  38/100 | loss=3.7779 | reward=0.037
[xlam100]  39/100 | loss=0.0000 | reward=0.000
[xlam100]  40/100 | loss=0.0000 | reward=0.000
[xlam100]  41/100 | loss=0.0000 | reward=0.000
[xlam100]  42/100 | loss=0.0000 | reward=0.000
[xlam100]  43/100 | loss=0.0000 | reward=0.000
[xlam100]  44/100 | loss=0.0000 | reward=0.000
[xlam100]  45/100 | loss=0.0000 | reward=0.000
[xlam100]  46/100 | loss=0.0000 | reward=0.000
[xlam100]  47/100 | loss=0.0000 | reward=0.000
[xlam100]  48/100 | loss=0.0000 | reward=0.000
[xlam100]  49/100 | loss=0.0000 | reward=0.000
[xlam100]  50/100 | loss=0.0000 | reward=0.000
[xlam100]   -> ckpt s50
[xlam100]  51/100 | loss=0.0000 | reward=0.000
[xlam100]  52/100 | loss=0.0000 | reward=0.000
[xlam100]  53/100 | loss=0.0000 | reward=0.000
[xlam100]  54/100 | loss=0.0000 | reward=0.000
[xlam100]  55/100 | loss=0.0000 | reward=0.000
[xlam100]  56/100 | loss=0.0000 | reward=0.500
[xlam100]  57/100 | loss=0.0000 | reward=0.000
[xlam100]  58/100 | loss=0.0000 | reward=0.000
[xlam100]  59/100 | loss=0.0000 | reward=0.000
[xlam100]  60/100 | loss=0.0000 | reward=0.000
[xlam100]  61/100 | loss=0.0000 | reward=0.000
[xlam100]  62/100 | loss=0.0000 | reward=0.000
[xlam100]  63/100 | loss=0.0000 | reward=0.000
[xlam100]  64/100 | loss=0.0000 | reward=0.000
[xlam100]  65/100 | loss=0.0000 | reward=0.000
[xlam100]  66/100 | loss=-7.9027 | reward=0.087
[xlam100]  67/100 | loss=0.0000 | reward=0.000
[xlam100]  68/100 | loss=0.0000 | reward=0.000
[xlam100]  69/100 | loss=0.0000 | reward=0.000
[xlam100]  70/100 | loss=0.0000 | reward=0.000
[xlam100]  71/100 | loss=0.0000 | reward=0.000
[xlam100]  72/100 | loss=0.9651 | reward=0.037
[xlam100]  73/100 | loss=0.0000 | reward=0.000
[xlam100]  74/100 | loss=0.0000 | reward=0.000
[xlam100]  75/100 | loss=0.0000 | reward=0.000
[xlam100]   -> ckpt s75
[xlam100]  76/100 | loss=0.0000 | reward=0.000
[xlam100]  77/100 | loss=0.0000 | reward=0.500
[xlam100]  78/100 | loss=0.0000 | reward=0.000
[xlam100]  79/100 | loss=0.0000 | reward=0.000
[xlam100]  80/100 | loss=0.0000 | reward=0.000
[xlam100]  81/100 | loss=0.0000 | reward=0.000
[xlam100]  82/100 | loss=0.0000 | reward=0.000
[xlam100]  83/100 | loss=0.0000 | reward=0.000
[xlam100]  84/100 | loss=0.0000 | reward=0.000
[xlam100]  85/100 | loss=0.0000 | reward=0.000
[xlam100]  86/100 | loss=0.0000 | reward=0.500
[xlam100]  87/100 | loss=0.0000 | reward=0.000
[xlam100]  88/100 | loss=0.0000 | reward=0.000
[xlam100]  89/100 | loss=0.0000 | reward=0.000
[xlam100]  90/100 | loss=0.0000 | reward=0.000
[xlam100]  91/100 | loss=0.0000 | reward=0.000
[xlam100]  92/100 | loss=0.0000 | reward=0.000
[xlam100]  93/100 | loss=0.0000 | reward=0.000
[xlam100]  94/100 | loss=0.0000 | reward=0.000
[xlam100]  95/100 | loss=0.0000 | reward=0.000
[xlam100]  96/100 | loss=-9.0595 | reward=0.125
[xlam100]  97/100 | loss=0.0000 | reward=0.000
[xlam100]  98/100 | loss=0.0000 | reward=0.000
[xlam100]  99/100 | loss=0.0000 | reward=1.000
[xlam100] 100/100 | loss=0.0000 | reward=0.000
[xlam100]   -> ckpt s100

[xlam100] DONE | last10=0.113 | run=f63b618c-8fa5-57cb-9177-57538114d3cf:train:0 | path=tinker://f63b618c-8fa5-57cb-9177-57538114d3cf:train:0/sampler_weights/final
